2024-12-11 14:59:27,521 - INFO - Loaded articles JSON file successfully.
2024-12-11 14:59:27,522 - INFO - Output directory 'articles' created/exists.
2024-12-11 14:59:27,522 - INFO - Processing article:  (URL: https://opinion.inquirer.net/179048/unforgivable-waste-of-public-funds)
2024-12-11 14:59:27,537 - DEBUG - Starting new HTTPS connection (1): opinion.inquirer.net:443
2024-12-11 14:59:27,924 - DEBUG - https://opinion.inquirer.net:443 "GET /179048/unforgivable-waste-of-public-funds HTTP/11" 200 None
2024-12-11 14:59:28,031 - INFO - Successfully fetched article: https://opinion.inquirer.net/179048/unforgivable-waste-of-public-funds
2024-12-11 14:59:28,181 - INFO - Saved article to file: 20241211_Unforgivable_waste_of_public_funds.md
2024-12-11 14:59:28,182 - INFO - Processing article:  (URL: https://opinion.inquirer.net/179019/to-impeach-or-not-to-impeach)
2024-12-11 14:59:28,185 - DEBUG - Starting new HTTPS connection (1): opinion.inquirer.net:443
2024-12-11 14:59:28,512 - DEBUG - https://opinion.inquirer.net:443 "GET /179019/to-impeach-or-not-to-impeach HTTP/11" 200 None
2024-12-11 14:59:28,612 - INFO - Successfully fetched article: https://opinion.inquirer.net/179019/to-impeach-or-not-to-impeach
2024-12-11 14:59:28,760 - INFO - Saved article to file: 20241210_To_impeach_or_not_to_impeach.md
2024-12-11 14:59:28,761 - INFO - Processing article:  (URL: https://opinion.inquirer.net/178972/exiting-fatfs-gray-list)
2024-12-11 14:59:28,764 - DEBUG - Starting new HTTPS connection (1): opinion.inquirer.net:443
2024-12-11 14:59:29,124 - DEBUG - https://opinion.inquirer.net:443 "GET /178972/exiting-fatfs-gray-list HTTP/11" 200 None
2024-12-11 14:59:29,266 - INFO - Successfully fetched article: https://opinion.inquirer.net/178972/exiting-fatfs-gray-list
2024-12-11 14:59:29,419 - INFO - Saved article to file: 20241209_Exiting_FATF’s_‘gray_list’.md
2024-12-11 14:59:29,420 - INFO - Processing article:  (URL: https://opinion.inquirer.net/178955/new-trafficking-scheme)
2024-12-11 14:59:29,423 - DEBUG - Starting new HTTPS connection (1): opinion.inquirer.net:443
2024-12-11 14:59:29,684 - DEBUG - https://opinion.inquirer.net:443 "GET /178955/new-trafficking-scheme HTTP/11" 200 None
2024-12-11 14:59:29,720 - INFO - Successfully fetched article: https://opinion.inquirer.net/178955/new-trafficking-scheme
2024-12-11 14:59:29,863 - INFO - Saved article to file: 20241208_New_trafficking_scheme.md
2024-12-11 14:59:29,863 - INFO - Processing article:  (URL: https://opinion.inquirer.net/178849/keeping-gen-zs-at-work)
2024-12-11 14:59:29,866 - DEBUG - Starting new HTTPS connection (1): opinion.inquirer.net:443
2024-12-11 14:59:30,123 - DEBUG - https://opinion.inquirer.net:443 "GET /178849/keeping-gen-zs-at-work HTTP/11" 200 None
2024-12-11 14:59:30,145 - INFO - Successfully fetched article: https://opinion.inquirer.net/178849/keeping-gen-zs-at-work
2024-12-11 14:59:30,301 - INFO - Saved article to file: 20241204_Keeping_Gen_Zs_at_work.md
2024-12-11 14:59:30,301 - INFO - Processing article:  (URL: https://opinion.inquirer.net/178818/heed-the-clamor-for-open-bicam)
2024-12-11 14:59:30,304 - DEBUG - Starting new HTTPS connection (1): opinion.inquirer.net:443
2024-12-11 14:59:30,613 - DEBUG - https://opinion.inquirer.net:443 "GET /178818/heed-the-clamor-for-open-bicam HTTP/11" 200 None
2024-12-11 14:59:30,650 - INFO - Successfully fetched article: https://opinion.inquirer.net/178818/heed-the-clamor-for-open-bicam
2024-12-11 14:59:30,797 - INFO - Saved article to file: 20241203_Heed_the_clamor_for_open_bicam.md
2024-12-11 14:59:30,797 - INFO - Processing article:  (URL: https://opinion.inquirer.net/178789/risk-of-complacency)
2024-12-11 14:59:30,800 - DEBUG - Starting new HTTPS connection (1): opinion.inquirer.net:443
2024-12-11 14:59:31,093 - DEBUG - https://opinion.inquirer.net:443 "GET /178789/risk-of-complacency HTTP/11" 200 None
2024-12-11 14:59:31,181 - INFO - Successfully fetched article: https://opinion.inquirer.net/178789/risk-of-complacency
2024-12-11 14:59:31,416 - INFO - Saved article to file: 20241202_Risk_of_complacency.md
2024-12-11 14:59:31,416 - INFO - Processing article:  (URL: https://opinion.inquirer.net/178777/it-starts-with-reading)
2024-12-11 14:59:31,419 - DEBUG - Starting new HTTPS connection (1): opinion.inquirer.net:443
2024-12-11 14:59:31,645 - DEBUG - https://opinion.inquirer.net:443 "GET /178777/it-starts-with-reading HTTP/11" 200 None
2024-12-11 14:59:31,690 - INFO - Successfully fetched article: https://opinion.inquirer.net/178777/it-starts-with-reading
2024-12-11 14:59:31,842 - INFO - Saved article to file: 20241201_It_starts_with_reading.md
2024-12-11 14:59:31,842 - INFO - Article scraping completed.
2024-12-11 14:59:40,658 - INFO - Loaded articles JSON file successfully.
2024-12-11 14:59:40,659 - INFO - Output directory 'articles' created/exists.
2024-12-11 14:59:40,659 - INFO - Processing article:  (URL: https://opinion.inquirer.net/179048/unforgivable-waste-of-public-funds)
2024-12-11 14:59:40,665 - DEBUG - Starting new HTTPS connection (1): opinion.inquirer.net:443
2024-12-11 14:59:41,004 - DEBUG - https://opinion.inquirer.net:443 "GET /179048/unforgivable-waste-of-public-funds HTTP/11" 200 None
2024-12-11 14:59:41,138 - INFO - Successfully fetched article: https://opinion.inquirer.net/179048/unforgivable-waste-of-public-funds
2024-12-11 14:59:41,303 - INFO - Saved article to file: 20241211_Unforgivable_waste_of_public_funds.md
2024-12-11 14:59:41,303 - INFO - Processing article:  (URL: https://opinion.inquirer.net/179019/to-impeach-or-not-to-impeach)
2024-12-11 14:59:41,306 - DEBUG - Starting new HTTPS connection (1): opinion.inquirer.net:443
2024-12-11 14:59:41,617 - DEBUG - https://opinion.inquirer.net:443 "GET /179019/to-impeach-or-not-to-impeach HTTP/11" 200 None
2024-12-11 14:59:41,675 - INFO - Successfully fetched article: https://opinion.inquirer.net/179019/to-impeach-or-not-to-impeach
2024-12-11 14:59:41,831 - INFO - Saved article to file: 20241210_To_impeach_or_not_to_impeach.md
2024-12-11 14:59:41,832 - INFO - Processing article:  (URL: https://opinion.inquirer.net/178972/exiting-fatfs-gray-list)
2024-12-11 14:59:41,835 - DEBUG - Starting new HTTPS connection (1): opinion.inquirer.net:443
2024-12-11 14:59:42,124 - DEBUG - https://opinion.inquirer.net:443 "GET /178972/exiting-fatfs-gray-list HTTP/11" 200 None
2024-12-11 14:59:42,163 - INFO - Successfully fetched article: https://opinion.inquirer.net/178972/exiting-fatfs-gray-list
2024-12-11 14:59:42,317 - INFO - Saved article to file: 20241209_Exiting_FATF’s_‘gray_list’.md
2024-12-11 14:59:42,318 - INFO - Processing article:  (URL: https://opinion.inquirer.net/178955/new-trafficking-scheme)
2024-12-11 14:59:42,321 - DEBUG - Starting new HTTPS connection (1): opinion.inquirer.net:443
2024-12-11 14:59:42,605 - DEBUG - https://opinion.inquirer.net:443 "GET /178955/new-trafficking-scheme HTTP/11" 200 None
2024-12-11 14:59:42,713 - INFO - Successfully fetched article: https://opinion.inquirer.net/178955/new-trafficking-scheme
2024-12-11 14:59:42,871 - INFO - Saved article to file: 20241208_New_trafficking_scheme.md
2024-12-11 14:59:42,871 - INFO - Processing article:  (URL: https://opinion.inquirer.net/178849/keeping-gen-zs-at-work)
2024-12-11 14:59:42,874 - DEBUG - Starting new HTTPS connection (1): opinion.inquirer.net:443
2024-12-11 14:59:43,249 - DEBUG - https://opinion.inquirer.net:443 "GET /178849/keeping-gen-zs-at-work HTTP/11" 200 None
2024-12-11 14:59:43,287 - INFO - Successfully fetched article: https://opinion.inquirer.net/178849/keeping-gen-zs-at-work
2024-12-11 14:59:43,447 - INFO - Saved article to file: 20241204_Keeping_Gen_Zs_at_work.md
2024-12-11 14:59:43,447 - INFO - Processing article:  (URL: https://opinion.inquirer.net/178818/heed-the-clamor-for-open-bicam)
2024-12-11 14:59:43,450 - DEBUG - Starting new HTTPS connection (1): opinion.inquirer.net:443
2024-12-11 14:59:43,737 - DEBUG - https://opinion.inquirer.net:443 "GET /178818/heed-the-clamor-for-open-bicam HTTP/11" 200 None
2024-12-11 14:59:43,766 - INFO - Successfully fetched article: https://opinion.inquirer.net/178818/heed-the-clamor-for-open-bicam
2024-12-11 14:59:43,916 - INFO - Saved article to file: 20241203_Heed_the_clamor_for_open_bicam.md
2024-12-11 14:59:43,917 - INFO - Processing article:  (URL: https://opinion.inquirer.net/178789/risk-of-complacency)
2024-12-11 14:59:43,920 - DEBUG - Starting new HTTPS connection (1): opinion.inquirer.net:443
2024-12-11 14:59:44,205 - DEBUG - https://opinion.inquirer.net:443 "GET /178789/risk-of-complacency HTTP/11" 200 None
2024-12-11 14:59:44,283 - INFO - Successfully fetched article: https://opinion.inquirer.net/178789/risk-of-complacency
2024-12-11 14:59:44,523 - INFO - Saved article to file: 20241202_Risk_of_complacency.md
2024-12-11 14:59:44,523 - INFO - Processing article:  (URL: https://opinion.inquirer.net/178777/it-starts-with-reading)
2024-12-11 14:59:44,526 - DEBUG - Starting new HTTPS connection (1): opinion.inquirer.net:443
2024-12-11 14:59:44,788 - DEBUG - https://opinion.inquirer.net:443 "GET /178777/it-starts-with-reading HTTP/11" 200 None
2024-12-11 14:59:44,814 - INFO - Successfully fetched article: https://opinion.inquirer.net/178777/it-starts-with-reading
2024-12-11 14:59:44,975 - INFO - Saved article to file: 20241201_It_starts_with_reading.md
2024-12-11 14:59:44,975 - INFO - Article scraping completed.
2024-12-11 14:59:49,498 - DEBUG - Starting new HTTPS connection (1): opinion.inquirer.net:443
2024-12-11 14:59:49,742 - DEBUG - https://opinion.inquirer.net:443 "GET /category/editorial HTTP/11" 200 None
2024-12-11 14:59:49,868 - INFO - Loaded articles JSON file successfully.
2024-12-11 14:59:49,869 - INFO - Output directory 'articles' created/exists.
2024-12-11 14:59:49,869 - INFO - Processing article:  (URL: https://opinion.inquirer.net/179048/unforgivable-waste-of-public-funds)
2024-12-11 14:59:49,872 - DEBUG - Starting new HTTPS connection (1): opinion.inquirer.net:443
2024-12-11 14:59:50,152 - DEBUG - https://opinion.inquirer.net:443 "GET /179048/unforgivable-waste-of-public-funds HTTP/11" 200 None
2024-12-11 14:59:50,190 - INFO - Successfully fetched article: https://opinion.inquirer.net/179048/unforgivable-waste-of-public-funds
2024-12-11 14:59:50,342 - INFO - Saved article to file: 20241211_Unforgivable_waste_of_public_funds.md
2024-12-11 14:59:50,342 - INFO - Processing article:  (URL: https://opinion.inquirer.net/179019/to-impeach-or-not-to-impeach)
2024-12-11 14:59:50,345 - DEBUG - Starting new HTTPS connection (1): opinion.inquirer.net:443
2024-12-11 14:59:50,634 - DEBUG - https://opinion.inquirer.net:443 "GET /179019/to-impeach-or-not-to-impeach HTTP/11" 200 None
2024-12-11 14:59:50,695 - INFO - Successfully fetched article: https://opinion.inquirer.net/179019/to-impeach-or-not-to-impeach
2024-12-11 14:59:50,844 - INFO - Saved article to file: 20241210_To_impeach_or_not_to_impeach.md
2024-12-11 14:59:50,844 - INFO - Processing article:  (URL: https://opinion.inquirer.net/178972/exiting-fatfs-gray-list)
2024-12-11 14:59:50,847 - DEBUG - Starting new HTTPS connection (1): opinion.inquirer.net:443
2024-12-11 14:59:51,107 - DEBUG - https://opinion.inquirer.net:443 "GET /178972/exiting-fatfs-gray-list HTTP/11" 200 None
2024-12-11 14:59:51,151 - INFO - Successfully fetched article: https://opinion.inquirer.net/178972/exiting-fatfs-gray-list
2024-12-11 14:59:51,299 - INFO - Saved article to file: 20241209_Exiting_FATF’s_‘gray_list’.md
2024-12-11 14:59:51,299 - INFO - Processing article:  (URL: https://opinion.inquirer.net/178955/new-trafficking-scheme)
2024-12-11 14:59:51,302 - DEBUG - Starting new HTTPS connection (1): opinion.inquirer.net:443
2024-12-11 14:59:51,563 - DEBUG - https://opinion.inquirer.net:443 "GET /178955/new-trafficking-scheme HTTP/11" 200 None
2024-12-11 14:59:51,781 - INFO - Successfully fetched article: https://opinion.inquirer.net/178955/new-trafficking-scheme
2024-12-11 14:59:51,931 - INFO - Saved article to file: 20241208_New_trafficking_scheme.md
2024-12-11 14:59:51,932 - INFO - Processing article:  (URL: https://opinion.inquirer.net/178849/keeping-gen-zs-at-work)
2024-12-11 14:59:51,935 - DEBUG - Starting new HTTPS connection (1): opinion.inquirer.net:443
2024-12-11 14:59:52,183 - DEBUG - https://opinion.inquirer.net:443 "GET /178849/keeping-gen-zs-at-work HTTP/11" 200 None
2024-12-11 14:59:52,314 - INFO - Successfully fetched article: https://opinion.inquirer.net/178849/keeping-gen-zs-at-work
2024-12-11 14:59:52,468 - INFO - Saved article to file: 20241204_Keeping_Gen_Zs_at_work.md
2024-12-11 14:59:52,468 - INFO - Processing article:  (URL: https://opinion.inquirer.net/178818/heed-the-clamor-for-open-bicam)
2024-12-11 14:59:52,471 - DEBUG - Starting new HTTPS connection (1): opinion.inquirer.net:443
2024-12-11 14:59:52,752 - DEBUG - https://opinion.inquirer.net:443 "GET /178818/heed-the-clamor-for-open-bicam HTTP/11" 200 None
2024-12-11 14:59:52,992 - INFO - Successfully fetched article: https://opinion.inquirer.net/178818/heed-the-clamor-for-open-bicam
2024-12-11 14:59:53,229 - INFO - Saved article to file: 20241203_Heed_the_clamor_for_open_bicam.md
2024-12-11 14:59:53,230 - INFO - Processing article:  (URL: https://opinion.inquirer.net/178789/risk-of-complacency)
2024-12-11 14:59:53,233 - DEBUG - Starting new HTTPS connection (1): opinion.inquirer.net:443
2024-12-11 14:59:53,521 - DEBUG - https://opinion.inquirer.net:443 "GET /178789/risk-of-complacency HTTP/11" 200 None
2024-12-11 14:59:53,771 - INFO - Successfully fetched article: https://opinion.inquirer.net/178789/risk-of-complacency
2024-12-11 14:59:53,928 - INFO - Saved article to file: 20241202_Risk_of_complacency.md
2024-12-11 14:59:53,928 - INFO - Processing article:  (URL: https://opinion.inquirer.net/178777/it-starts-with-reading)
2024-12-11 14:59:53,931 - DEBUG - Starting new HTTPS connection (1): opinion.inquirer.net:443
2024-12-11 14:59:54,196 - DEBUG - https://opinion.inquirer.net:443 "GET /178777/it-starts-with-reading HTTP/11" 200 None
2024-12-11 14:59:54,469 - INFO - Successfully fetched article: https://opinion.inquirer.net/178777/it-starts-with-reading
2024-12-11 14:59:54,625 - INFO - Saved article to file: 20241201_It_starts_with_reading.md
2024-12-11 14:59:54,626 - INFO - Article scraping completed.
2024-12-12 00:23:17,197 - DEBUG - Starting new HTTPS connection (1): opinion.inquirer.net:443
2024-12-12 00:23:17,408 - DEBUG - https://opinion.inquirer.net:443 "GET /category/editorial HTTP/11" 200 None
2024-12-12 00:23:17,747 - INFO - Loaded articles JSON file successfully.
2024-12-12 00:23:17,747 - INFO - Output directory 'articles' created/exists.
2024-12-12 00:23:17,747 - INFO - Processing article:  (URL: https://opinion.inquirer.net/179048/unforgivable-waste-of-public-funds)
2024-12-12 00:23:17,749 - DEBUG - Starting new HTTPS connection (1): opinion.inquirer.net:443
2024-12-12 00:23:17,926 - DEBUG - https://opinion.inquirer.net:443 "GET /179048/unforgivable-waste-of-public-funds HTTP/11" 200 None
2024-12-12 00:23:17,941 - INFO - Successfully fetched article: https://opinion.inquirer.net/179048/unforgivable-waste-of-public-funds
2024-12-12 00:23:17,989 - INFO - Saved article to file: 20241211_Unforgivable_waste_of_public_funds.md
2024-12-12 00:23:17,989 - INFO - Processing article:  (URL: https://opinion.inquirer.net/179019/to-impeach-or-not-to-impeach)
2024-12-12 00:23:17,990 - DEBUG - Starting new HTTPS connection (1): opinion.inquirer.net:443
2024-12-12 00:23:18,174 - DEBUG - https://opinion.inquirer.net:443 "GET /179019/to-impeach-or-not-to-impeach HTTP/11" 200 None
2024-12-12 00:23:18,190 - INFO - Successfully fetched article: https://opinion.inquirer.net/179019/to-impeach-or-not-to-impeach
2024-12-12 00:23:18,237 - INFO - Saved article to file: 20241210_To_impeach_or_not_to_impeach.md
2024-12-12 00:23:18,237 - INFO - Processing article:  (URL: https://opinion.inquirer.net/178972/exiting-fatfs-gray-list)
2024-12-12 00:23:18,239 - DEBUG - Starting new HTTPS connection (1): opinion.inquirer.net:443
2024-12-12 00:23:18,952 - DEBUG - https://opinion.inquirer.net:443 "GET /178972/exiting-fatfs-gray-list HTTP/11" 200 None
2024-12-12 00:23:19,537 - INFO - Successfully fetched article: https://opinion.inquirer.net/178972/exiting-fatfs-gray-list
2024-12-12 00:23:19,582 - INFO - Saved article to file: 20241209_Exiting_FATF’s_‘gray_list’.md
2024-12-12 00:23:19,582 - INFO - Processing article:  (URL: https://opinion.inquirer.net/178955/new-trafficking-scheme)
2024-12-12 00:23:19,584 - DEBUG - Starting new HTTPS connection (1): opinion.inquirer.net:443
2024-12-12 00:23:19,769 - DEBUG - https://opinion.inquirer.net:443 "GET /178955/new-trafficking-scheme HTTP/11" 200 None
2024-12-12 00:23:19,780 - INFO - Successfully fetched article: https://opinion.inquirer.net/178955/new-trafficking-scheme
2024-12-12 00:23:19,826 - INFO - Saved article to file: 20241208_New_trafficking_scheme.md
2024-12-12 00:23:19,826 - INFO - Processing article:  (URL: https://opinion.inquirer.net/178849/keeping-gen-zs-at-work)
2024-12-12 00:23:19,827 - DEBUG - Starting new HTTPS connection (1): opinion.inquirer.net:443
2024-12-12 00:23:20,100 - DEBUG - https://opinion.inquirer.net:443 "GET /178849/keeping-gen-zs-at-work HTTP/11" 200 None
2024-12-12 00:23:20,283 - INFO - Successfully fetched article: https://opinion.inquirer.net/178849/keeping-gen-zs-at-work
2024-12-12 00:23:20,330 - INFO - Saved article to file: 20241204_Keeping_Gen_Zs_at_work.md
2024-12-12 00:23:20,330 - INFO - Processing article:  (URL: https://opinion.inquirer.net/178818/heed-the-clamor-for-open-bicam)
2024-12-12 00:23:20,331 - DEBUG - Starting new HTTPS connection (1): opinion.inquirer.net:443
2024-12-12 00:23:20,516 - DEBUG - https://opinion.inquirer.net:443 "GET /178818/heed-the-clamor-for-open-bicam HTTP/11" 200 None
2024-12-12 00:23:20,524 - INFO - Successfully fetched article: https://opinion.inquirer.net/178818/heed-the-clamor-for-open-bicam
2024-12-12 00:23:20,578 - INFO - Saved article to file: 20241203_Heed_the_clamor_for_open_bicam.md
2024-12-12 00:23:20,578 - INFO - Processing article:  (URL: https://opinion.inquirer.net/178789/risk-of-complacency)
2024-12-12 00:23:20,579 - DEBUG - Starting new HTTPS connection (1): opinion.inquirer.net:443
2024-12-12 00:23:20,756 - DEBUG - https://opinion.inquirer.net:443 "GET /178789/risk-of-complacency HTTP/11" 200 None
2024-12-12 00:23:20,766 - INFO - Successfully fetched article: https://opinion.inquirer.net/178789/risk-of-complacency
2024-12-12 00:23:20,812 - INFO - Saved article to file: 20241202_Risk_of_complacency.md
2024-12-12 00:23:20,812 - INFO - Article scraping completed.
