2024-12-11 15:01:58,956 - INFO - Articles loaded: 8 articles found.
2024-12-11 15:01:58,957 - INFO - Scraping article:  (https://opinion.inquirer.net/179048/unforgivable-waste-of-public-funds)
2024-12-11 15:01:58,967 - DEBUG - Starting new HTTPS connection (1): opinion.inquirer.net:443
2024-12-11 15:01:59,402 - DEBUG - https://opinion.inquirer.net:443 "GET /179048/unforgivable-waste-of-public-funds HTTP/11" 200 None
2024-12-11 15:01:59,486 - INFO - HTTP Status: 200 for https://opinion.inquirer.net/179048/unforgivable-waste-of-public-funds
2024-12-11 15:01:59,638 - INFO - Saved article to file: 20241211_Unforgivable_waste_of_public_funds.md
2024-12-11 15:01:59,638 - INFO - Scraping article:  (https://opinion.inquirer.net/179019/to-impeach-or-not-to-impeach)
2024-12-11 15:01:59,642 - DEBUG - Starting new HTTPS connection (1): opinion.inquirer.net:443
2024-12-11 15:01:59,909 - DEBUG - https://opinion.inquirer.net:443 "GET /179019/to-impeach-or-not-to-impeach HTTP/11" 200 None
2024-12-11 15:01:59,969 - INFO - HTTP Status: 200 for https://opinion.inquirer.net/179019/to-impeach-or-not-to-impeach
2024-12-11 15:02:00,119 - INFO - Saved article to file: 20241210_To_impeach_or_not_to_impeach.md
2024-12-11 15:02:00,119 - INFO - Scraping article:  (https://opinion.inquirer.net/178972/exiting-fatfs-gray-list)
2024-12-11 15:02:00,123 - DEBUG - Starting new HTTPS connection (1): opinion.inquirer.net:443
2024-12-11 15:02:00,464 - DEBUG - https://opinion.inquirer.net:443 "GET /178972/exiting-fatfs-gray-list HTTP/11" 200 None
2024-12-11 15:02:00,570 - INFO - HTTP Status: 200 for https://opinion.inquirer.net/178972/exiting-fatfs-gray-list
2024-12-11 15:02:00,719 - INFO - Saved article to file: 20241209_Exiting_FATF’s_‘gray_list’.md
2024-12-11 15:02:00,720 - INFO - Scraping article:  (https://opinion.inquirer.net/178955/new-trafficking-scheme)
2024-12-11 15:02:00,723 - DEBUG - Starting new HTTPS connection (1): opinion.inquirer.net:443
2024-12-11 15:02:01,001 - DEBUG - https://opinion.inquirer.net:443 "GET /178955/new-trafficking-scheme HTTP/11" 200 None
2024-12-11 15:02:01,022 - INFO - HTTP Status: 200 for https://opinion.inquirer.net/178955/new-trafficking-scheme
2024-12-11 15:02:01,168 - INFO - Saved article to file: 20241208_New_trafficking_scheme.md
2024-12-11 15:02:01,168 - INFO - Scraping article:  (https://opinion.inquirer.net/178849/keeping-gen-zs-at-work)
2024-12-11 15:02:01,171 - DEBUG - Starting new HTTPS connection (1): opinion.inquirer.net:443
2024-12-11 15:02:01,518 - DEBUG - https://opinion.inquirer.net:443 "GET /178849/keeping-gen-zs-at-work HTTP/11" 200 None
2024-12-11 15:02:01,632 - INFO - HTTP Status: 200 for https://opinion.inquirer.net/178849/keeping-gen-zs-at-work
2024-12-11 15:02:01,786 - INFO - Saved article to file: 20241204_Keeping_Gen_Zs_at_work.md
2024-12-11 15:02:01,786 - INFO - Scraping article:  (https://opinion.inquirer.net/178818/heed-the-clamor-for-open-bicam)
2024-12-11 15:02:01,789 - DEBUG - Starting new HTTPS connection (1): opinion.inquirer.net:443
2024-12-11 15:02:02,035 - DEBUG - https://opinion.inquirer.net:443 "GET /178818/heed-the-clamor-for-open-bicam HTTP/11" 200 None
2024-12-11 15:02:02,074 - INFO - HTTP Status: 200 for https://opinion.inquirer.net/178818/heed-the-clamor-for-open-bicam
2024-12-11 15:02:02,231 - INFO - Saved article to file: 20241203_Heed_the_clamor_for_open_bicam.md
2024-12-11 15:02:02,231 - INFO - Scraping article:  (https://opinion.inquirer.net/178789/risk-of-complacency)
2024-12-11 15:02:02,234 - DEBUG - Starting new HTTPS connection (1): opinion.inquirer.net:443
2024-12-11 15:02:02,477 - DEBUG - https://opinion.inquirer.net:443 "GET /178789/risk-of-complacency HTTP/11" 200 None
2024-12-11 15:02:02,502 - INFO - HTTP Status: 200 for https://opinion.inquirer.net/178789/risk-of-complacency
2024-12-11 15:02:02,735 - INFO - Saved article to file: 20241202_Risk_of_complacency.md
2024-12-11 15:02:02,736 - INFO - Scraping article:  (https://opinion.inquirer.net/178777/it-starts-with-reading)
2024-12-11 15:02:02,739 - DEBUG - Starting new HTTPS connection (1): opinion.inquirer.net:443
2024-12-11 15:02:02,970 - DEBUG - https://opinion.inquirer.net:443 "GET /178777/it-starts-with-reading HTTP/11" 200 None
2024-12-11 15:02:03,001 - INFO - HTTP Status: 200 for https://opinion.inquirer.net/178777/it-starts-with-reading
2024-12-11 15:02:03,154 - INFO - Saved article to file: 20241201_It_starts_with_reading.md
2024-12-11 15:02:03,154 - INFO - Article scraping completed.
