2024-12-11 15:07:17,334 - INFO - Loaded 8 articles from JSON.
2024-12-11 15:07:17,335 - INFO - Scraping article:  (https://opinion.inquirer.net/179048/unforgivable-waste-of-public-funds)
2024-12-11 15:07:17,346 - DEBUG - Starting new HTTPS connection (1): opinion.inquirer.net:443
2024-12-11 15:07:17,910 - DEBUG - https://opinion.inquirer.net:443 "GET /179048/unforgivable-waste-of-public-funds HTTP/11" 200 None
2024-12-11 15:07:18,178 - INFO - Saved: 20241211_Unforgivable_waste_of_public_funds.md
2024-12-11 15:07:18,179 - INFO - Scraping article:  (https://opinion.inquirer.net/179019/to-impeach-or-not-to-impeach)
2024-12-11 15:07:18,182 - DEBUG - Starting new HTTPS connection (1): opinion.inquirer.net:443
2024-12-11 15:07:18,646 - DEBUG - https://opinion.inquirer.net:443 "GET /179019/to-impeach-or-not-to-impeach HTTP/11" 200 None
2024-12-11 15:07:18,839 - INFO - Saved: 20241210_To_impeach_or_not_to_impeach.md
2024-12-11 15:07:18,839 - INFO - Scraping article:  (https://opinion.inquirer.net/178972/exiting-fatfs-gray-list)
2024-12-11 15:07:18,842 - DEBUG - Starting new HTTPS connection (1): opinion.inquirer.net:443
2024-12-11 15:07:19,191 - DEBUG - https://opinion.inquirer.net:443 "GET /178972/exiting-fatfs-gray-list HTTP/11" 200 None
2024-12-11 15:07:19,368 - ERROR - Error scraping https://opinion.inquirer.net/178972/exiting-fatfs-gray-list: [Errno 1] Operation not permitted: 'articles/20241209_Exiting_FATF’s_‘gray_list’_|_Inquirer_Opinion.md'
2024-12-11 15:07:19,368 - INFO - Scraping article:  (https://opinion.inquirer.net/178955/new-trafficking-scheme)
2024-12-11 15:07:19,371 - DEBUG - Starting new HTTPS connection (1): opinion.inquirer.net:443
2024-12-11 15:07:19,760 - DEBUG - https://opinion.inquirer.net:443 "GET /178955/new-trafficking-scheme HTTP/11" 200 None
2024-12-11 15:07:20,018 - INFO - Saved: 20241208_New_trafficking_scheme.md
2024-12-11 15:07:20,018 - INFO - Scraping article:  (https://opinion.inquirer.net/178849/keeping-gen-zs-at-work)
2024-12-11 15:07:20,021 - DEBUG - Starting new HTTPS connection (1): opinion.inquirer.net:443
2024-12-11 15:07:20,391 - DEBUG - https://opinion.inquirer.net:443 "GET /178849/keeping-gen-zs-at-work HTTP/11" 200 None
2024-12-11 15:07:20,571 - INFO - Saved: 20241204_Keeping_Gen_Zs_at_work.md
2024-12-11 15:07:20,571 - INFO - Scraping article:  (https://opinion.inquirer.net/178818/heed-the-clamor-for-open-bicam)
2024-12-11 15:07:20,574 - DEBUG - Starting new HTTPS connection (1): opinion.inquirer.net:443
2024-12-11 15:07:20,938 - DEBUG - https://opinion.inquirer.net:443 "GET /178818/heed-the-clamor-for-open-bicam HTTP/11" 200 None
2024-12-11 15:07:21,106 - INFO - Saved: 20241203_Heed_the_clamor_for_open_bicam.md
2024-12-11 15:07:21,107 - INFO - Scraping article:  (https://opinion.inquirer.net/178789/risk-of-complacency)
2024-12-11 15:07:21,109 - DEBUG - Starting new HTTPS connection (1): opinion.inquirer.net:443
2024-12-11 15:07:21,587 - DEBUG - https://opinion.inquirer.net:443 "GET /178789/risk-of-complacency HTTP/11" 200 None
2024-12-11 15:07:21,967 - INFO - Saved: 20241202_Risk_of_complacency.md
2024-12-11 15:07:21,967 - INFO - Scraping article:  (https://opinion.inquirer.net/178777/it-starts-with-reading)
2024-12-11 15:07:21,970 - DEBUG - Starting new HTTPS connection (1): opinion.inquirer.net:443
2024-12-11 15:07:22,366 - DEBUG - https://opinion.inquirer.net:443 "GET /178777/it-starts-with-reading HTTP/11" 200 None
2024-12-11 15:07:22,553 - INFO - Saved: 20241201_It_starts_with_reading.md
2024-12-11 15:07:22,553 - INFO - Article scraping completed.
